生成启动时间为 2019/8/25 15:15:19。
     1>项目“C:\Users\xinayiliu\Desktop\company.cpp\complex\complex\complex.vcxproj”在节点 2 上(build 个目标)。
     1>InitializeBuildStatus:
         正在创建“Debug\complex.unsuccessfulbuild”，因为已指定“AlwaysCreate”。
       ClCompile:
         d:\VS2010\VC\bin\CL.exe /c /ZI /nologo /W3 /WX- /Od /Oy- /D WIN32 /D _DEBUG /D _CONSOLE /D _UNICODE /D UNICODE /Gm /EHsc /RTC1 /MDd /GS /fp:precise /Zc:wchar_t /Zc:forScope /Fo"Debug\\" /Fd"Debug\vc100.pdb" /Gd /TP /analyze- /errorReport:prompt test.cpp
         test.cpp
       ManifestResourceCompile:
         所有输出均为最新。
       Link:
         d:\VS2010\VC\bin\link.exe /ERRORREPORT:PROMPT /OUT:"C:\Users\xinayiliu\Desktop\company.cpp\complex\Debug\complex.exe" /INCREMENTAL /NOLOGO kernel32.lib user32.lib gdi32.lib winspool.lib comdlg32.lib advapi32.lib shell32.lib ole32.lib oleaut32.lib uuid.lib odbc32.lib odbccp32.lib /MANIFEST /ManifestFile:"Debug\complex.exe.intermediate.manifest" /MANIFESTUAC:"level='asInvoker' uiAccess='false'" /DEBUG /PDB:"C:\Users\xinayiliu\Desktop\company.cpp\complex\Debug\complex.pdb" /SUBSYSTEM:CONSOLE /TLBID:1 /DYNAMICBASE /NXCOMPAT /IMPLIB:"C:\Users\xinayiliu\Desktop\company.cpp\complex\Debug\complex.lib" /MACHINE:X86 Debug\complex.exe.embed.manifest.res
         Debug\test.obj
       Manifest:
         C:\Program Files (x86)\Microsoft SDKs\Windows\v7.0A\bin\mt.exe /nologo /verbose /out:"Debug\complex.exe.embed.manifest" /manifest Debug\complex.exe.intermediate.manifest
         所有输出均为最新。
       LinkEmbedManifest:
         所有输出均为最新。
         complex.vcxproj -> C:\Users\xinayiliu\Desktop\company.cpp\complex\Debug\complex.exe
       FinalizeBuildStatus:
         正在删除文件“Debug\complex.unsuccessfulbuild”。
         正在对“Debug\complex.lastbuildstate”执行 Touch 任务。
     1>已完成生成项目“C:\Users\xinayiliu\Desktop\company.cpp\complex\complex\complex.vcxproj”(build 个目标)的操作。

生成成功。

已用时间 00:00:01.25
